buselik tetrachord 13-limit.scl
buselik tetrachord 19-limit.scl
cet166.scl
chargah tetrachord 7-limit.scl
chimes.scl
gradus4.scl
hijaz tetrachord 11-limit.scl
hijaz tetrachord 13-limit a.scl
hijaz tetrachord 13-limit b.scl
hijaz tetrachord 67-limit.scl
hijaz tetrachord 7-limit.scl
kurdi tetrachord 17-limit.scl
mahur tetrachord 13-limit.scl
mahur tetrachord 19-limit.scl
ogr3.scl
rast tetrachord 11-limit.scl
rast tetrachord 31-limit.scl
rast tetrachord 5-limit.scl
safi_rahevi.scl
ushshaq tetrachord 11-limit.scl
ushshaq tetrachord 19-limit.scl
ushshaq tetrachord 23-limit.scl
