05-19.scl
05-22.scl
05-24.scl
balafon7.scl
bapere.scl
bohlen_pent_top.scl
cet53.scl
chin_5.scl
chin_lusheng.scl
chin_pipa.scl
chin_sientsu.scl
cons9.scl
degung-sejati.scl
degung1.scl
degung2.scl
degung3.scl
degung4.scl
degung5.scl
degung6.scl
dimtetb.scl
div_fifth1.scl
div_fifth2.scl
div_fifth3.scl
div_fifth4.scl
div_fifth5.scl
farey3.scl
fj-5tet.scl
genggong.scl
golden_5.scl
gradus5.scl
harrison_5.scl
harrison_5_1.scl
harrison_5_3.scl
harrison_5_4.scl
harrison_min.scl
harrison_mix1.scl
harrison_mix2.scl
harrison_mix3.scl
harrison_mix4.scl
hexany15.scl
hexany16.scl
hexany17.scl
hexany18.scl
hexany19.scl
hexany22.scl
hexany23.scl
hexany24.scl
hexany25.scl
hexany26.scl
hirajoshi.scl
hirajoshi2.scl
hirajoshi3.scl
ho_mai_nhi.scl
isfahan_5.scl
islamic.scl
iter13.scl
iter28.scl
iter33.scl
iter9.scl
jemblung1.scl
jemblung2.scl
ji_5coh.scl
kacapi1.scl
kacapi10.scl
kacapi11.scl
kacapi2.scl
kacapi3.scl
kacapi4.scl
kacapi5.scl
kacapi6.scl
kacapi7.scl
kacapi8.scl
kacapi9.scl
kebyar-b.scl
kebyar-s.scl
kebyar-t.scl
keen1.scl
keen2.scl
keen3.scl
keen4.scl
keen5.scl
keen6.scl
korea_5.scl
ligon8.scl
ligon9.scl
madenda-sejati.scl
madimba.scl
malkauns.scl
mbira_budongo.scl
mbira_budongo2.scl
mbira_chisanzhi4.scl
mbira_ekembe2.scl
mbira_ikembe.scl
mbira_ilimba.scl
mbira_isanzo.scl
mbira_kalimba.scl
mbira_katima.scl
mbira_kiliyo.scl
mbira_kombi.scl
mbira_limba.scl
mbira_mang_baru.scl
mbira_mbele_ko_fuku.scl
mbira_natine.scl
mbira_sansi.scl
mbira_sansi2.scl
melog.scl
minor_5.scl
miring.scl
miring1.scl
miring2.scl
mystic-r.scl
mystic.scl
neutr_pent1.scl
neutr_pent2.scl
ogr5.scl
ogr5a.scl
ogr5b.scl
ogr5c.scl
olympos.scl
p5.scl
pelog16.scl
pelog17.scl
pelog18.scl
pelog19.scl
pelog3.scl
pelog_jc.scl
pelog_mal.scl
penta_opt.scl
pipedum_5a.scl
prime_5.scl
pygmie.scl
renteng1.scl
renteng2.scl
renteng4.scl
saba pentachord 19-limit.scl
saba pentachord 23-limit a+b.scl
saba pentachord 31-limit.scl
safi_buzurk.scl
safi_unnamed1.scl
safi_unnamed2.scl
safi_unnamed3.scl
safi_unnamed4.scl
safi_zirefkend-i.scl
salunding.scl
schulter_pel.scl
segah-ferahnak pentachord 19-limit.scl
sejati.scl
selisir.scl
selisir2.scl
selisir3.scl
selisir4.scl
selisir5.scl
selisir6.scl
sevish_no.scl
slendro.scl
slendro10.scl
slendro11.scl
slendro2.scl
slendro3.scl
slendro4.scl
slendro5_1.scl
slendro5_2.scl
slendro5_4.scl
slendro6.scl
slendro8.scl
slendro9.scl
slendro_7_1.scl
slendro_7_2.scl
slendro_7_3.scl
slendro_7_4.scl
slendro_7_5.scl
slendro_7_6.scl
slendro_a1.scl
slendro_alves.scl
slendro_ang.scl
slendro_ang2.scl
slendro_av.scl
slendro_dudon.scl
slendro_gum.scl
slendro_ky1.scl
slendro_ky2.scl
slendro_m.scl
slendro_madu.scl
slendro_pa.scl
slendro_pas.scl
slendro_pb.scl
slendro_pc.scl
slendro_q13.scl
slendro_s1.scl
slendro_udan.scl
slendro_wolf.scl
slendrob1.scl
slendrob2.scl
slendrob3.scl
slendroc1.scl
slendroc2.scl
slendroc3.scl
slendroc4.scl
slendroc5.scl
slendrod1.scl
smithgw72f.scl
smithgw72g.scl
sorog9.scl
spon_mont.scl
spon_terp.scl
surupan_ajeng.scl
surupan_degung.scl
surupan_madenda.scl
surupan_melog.scl
surupan_miring.scl
surupan_x.scl
surupan_y.scl
swet1.scl
swet2.scl
swet3.scl
swet4.scl
swet5.scl
swet6.scl
temes.scl
temp5ebf.scl
temp5ebs.scl
tranh.scl
tranh2.scl
trawas.scl
wyschnegradsky.scl
xylophone3.scl
