al-hwarizmi.scl
al-kindi.scl
augtetj.scl
augtetk.scl
augtetl.scl
blackwood_6.scl
chin_huang.scl
cluster6c.scl
cluster6d.scl
cluster6e.scl
cluster6f.scl
cluster6g.scl
cluster6i.scl
cluster6j.scl
efg335.scl
efg337.scl
efg355.scl
efg377.scl
efg557.scl
efg577.scl
efg77777.scl
eikohole1.scl
harm6.scl
harrison_bill.scl
hexany1.scl
hexany10.scl
hexany11.scl
hexany12.scl
hexany13.scl
hexany14.scl
hexany20.scl
hexany21.scl
hexany49.scl
hexany_tetr.scl
hexany_trans.scl
hexany_trans2.scl
hexany_trans3.scl
hjelmstad-blues.scl
husmann.scl
indian-raja.scl
iter30.scl
iter36.scl
mbira_chisanzhi.scl
ndau1.scl
ndau2.scl
ndau3.scl
p6.scl
safi_major.scl
safi_zirefkend2.scl
smithgw_dwarf6_7.scl
solfeggio.scl
steltri1.scl
steltri2.scl
temp6eb2.scl
temp6teb.scl
tranh3.scl
zir_bouzourk.scl
